2018-03-05 16:25:00.941 INFO  [main] LeagueInformerClient - test
2018-03-05 16:25:22.064 INFO  [main] LeagueInformerClient - test
2018-03-05 17:16:36.840 INFO  [main] LeagueInformerClient - Succesfully loaded  from settings.ini
2018-03-05 17:16:40.551 INFO  [main] LeagueInformerClient - Error: Network connection failed
2018-03-05 17:18:27.087 INFO  [main] LeagueInformerClient - Succesfully loaded  from settings.ini
2018-03-05 17:18:27.089 INFO  [main] LeagueInformerClient - Successfully located Infernalbot
2018-03-05 17:18:27.094 INFO  [main] LeagueInformerClient - Succesfully backed up succesfully Infernalbot database
2018-03-05 17:18:27.447 INFO  [main] InfernalBot Database Client - Successfully grabbed 10 accounts from the InfernalBot database.
2018-03-05 17:24:32.091 INFO  [main] LeagueInformerClient - Succesfully loaded  from settings.ini
2018-03-05 17:24:32.093 INFO  [main] LeagueInformerClient - Successfully located Infernalbot
2018-03-05 17:24:32.097 INFO  [main] LeagueInformerClient - Succesfully backed up succesfully Infernalbot database
2018-03-05 17:24:32.465 INFO  [main] InfernalBot Database Client - Successfully grabbed 10 accounts from the InfernalBot database.
2018-03-05 17:24:33.540 INFO  [main] LeagueInformerClient - Error retrieving the requested resource
2018-03-05 17:24:33.545 INFO  [main] InfernalBot Process Checker - InfernalBot started succesfully
2018-03-05 17:26:55.501 INFO  [main] LeagueInformerClient - Succesfully loaded  from settings.ini
2018-03-05 17:26:55.504 INFO  [main] LeagueInformerClient - Successfully located Infernalbot
2018-03-05 17:26:55.508 INFO  [main] LeagueInformerClient - Succesfully backed up succesfully Infernalbot database
2018-03-05 17:26:56.026 INFO  [main] InfernalBot Database Client - Successfully grabbed 10 accounts from the InfernalBot database.
2018-03-05 17:26:57.101 INFO  [main] LeagueInformerClient - Error retrieving the requested resource
2018-03-05 17:26:57.106 INFO  [main] InfernalBot Process Checker - InfernalBot started succesfully
2018-03-05 17:27:45.019 INFO  [main] LeagueInformerClient - Succesfully loaded  from settings.ini
2018-03-05 17:27:45.022 INFO  [main] LeagueInformerClient - Successfully located Infernalbot
2018-03-05 17:27:45.025 INFO  [main] LeagueInformerClient - Succesfully backed up succesfully Infernalbot database
2018-03-05 17:27:45.380 INFO  [main] InfernalBot Database Client - Successfully grabbed 10 accounts from the InfernalBot database.
2018-03-05 17:27:46.454 INFO  [main] LeagueInformerClient - Error retrieving the requested resource
2018-03-05 17:27:46.455 INFO  [main] LeagueInformerClient - Closing InfernalBotManager Client
