2018-04-06 14:03:25.429 DEBUG [main] LoggingRequestInterceptor - ===========================request begin================================================
2018-04-06 14:03:25.429 DEBUG [main] LoggingRequestInterceptor - URI         : https://infernalbotmanager.com/api/vars/connection
2018-04-06 14:03:25.429 DEBUG [main] LoggingRequestInterceptor - Method      : GET
2018-04-06 14:03:25.429 DEBUG [main] LoggingRequestInterceptor - Headers     : {Accept=[application/xml, text/xml, application/json, application/*+xml, application/*+json], Content-Length=[0]}
2018-04-06 14:03:25.429 DEBUG [main] LoggingRequestInterceptor - Request body: 
2018-04-06 14:03:25.429 DEBUG [main] LoggingRequestInterceptor - ==========================request end================================================
2018-04-06 14:03:25.758 DEBUG [main] LoggingRequestInterceptor - ============================response begin==========================================
2018-04-06 14:03:25.758 DEBUG [main] LoggingRequestInterceptor - Status code  : 200
2018-04-06 14:03:25.758 DEBUG [main] LoggingRequestInterceptor - Status text  : OK
2018-04-06 14:03:25.758 DEBUG [main] LoggingRequestInterceptor - Headers      : {Server=[nginx], Date=[Fri, 06 Apr 2018 12:03:25 GMT], Content-Type=[application/json;charset=utf-8], Transfer-Encoding=[chunked], Connection=[keep-alive], Vary=[Accept-Encoding], X-Content-Type-Options=[nosniff], X-XSS-Protection=[1; mode=block], Cache-Control=[no-cache, no-store, max-age=0, must-revalidate], Pragma=[no-cache], Expires=[Thu, 01 Jan 1970 00:00:00 GMT], Strict-Transport-Security=[max-age=31536000 ; includeSubDomains], X-Frame-Options=[DENY], Set-Cookie=[JSESSIONID=node01v95vhovreuijgg92bsgeudsj85.node0;Path=/;Secure], X-Application-Context=[application:5000]}
2018-04-06 14:03:25.758 DEBUG [main] LoggingRequestInterceptor - Response body: {
  "error" : "",
  "data" : {
    "id" : 1,
    "name" : "connection",
    "value" : "Connected"
  }
}

2018-04-06 14:03:25.758 DEBUG [main] LoggingRequestInterceptor - =======================response end=================================================
2018-04-06 14:03:25.773 DEBUG [main] LoggingRequestInterceptor - ===========================request begin================================================
2018-04-06 14:03:25.773 DEBUG [main] LoggingRequestInterceptor - URI         : https://infernalbotmanager.com/api/vars/connection
2018-04-06 14:03:25.773 DEBUG [main] LoggingRequestInterceptor - Method      : GET
2018-04-06 14:03:25.773 DEBUG [main] LoggingRequestInterceptor - Headers     : {Accept=[application/xml, text/xml, application/json, application/*+xml, application/*+json], Content-Length=[0]}
2018-04-06 14:03:25.773 DEBUG [main] LoggingRequestInterceptor - Request body: 
2018-04-06 14:03:25.773 DEBUG [main] LoggingRequestInterceptor - ==========================request end================================================
2018-04-06 14:03:25.789 DEBUG [main] LoggingRequestInterceptor - ============================response begin==========================================
2018-04-06 14:03:25.789 DEBUG [main] LoggingRequestInterceptor - Status code  : 200
2018-04-06 14:03:25.789 DEBUG [main] LoggingRequestInterceptor - Status text  : OK
2018-04-06 14:03:25.789 DEBUG [main] LoggingRequestInterceptor - Headers      : {Server=[nginx], Date=[Fri, 06 Apr 2018 12:03:25 GMT], Content-Type=[application/json;charset=utf-8], Transfer-Encoding=[chunked], Connection=[keep-alive], Vary=[Accept-Encoding], X-Content-Type-Options=[nosniff], X-XSS-Protection=[1; mode=block], Cache-Control=[no-cache, no-store, max-age=0, must-revalidate], Pragma=[no-cache], Expires=[0], Strict-Transport-Security=[max-age=31536000 ; includeSubDomains], X-Frame-Options=[DENY], X-Application-Context=[application:5000]}
2018-04-06 14:03:25.789 DEBUG [main] LoggingRequestInterceptor - Response body: {
  "error" : "",
  "data" : {
    "id" : 1,
    "name" : "connection",
    "value" : "Connected"
  }
}

2018-04-06 14:03:25.789 DEBUG [main] LoggingRequestInterceptor - =======================response end=================================================
2018-04-06 14:03:25.804 DEBUG [main] LoggingRequestInterceptor - ===========================request begin================================================
2018-04-06 14:03:25.804 DEBUG [main] LoggingRequestInterceptor - URI         : https://infernalbotmanager.com/api/vars/killSwitch
2018-04-06 14:03:25.804 DEBUG [main] LoggingRequestInterceptor - Method      : GET
2018-04-06 14:03:25.804 DEBUG [main] LoggingRequestInterceptor - Headers     : {Accept=[application/xml, text/xml, application/json, application/*+xml, application/*+json], Content-Length=[0]}
2018-04-06 14:03:25.804 DEBUG [main] LoggingRequestInterceptor - Request body: 
2018-04-06 14:03:25.804 DEBUG [main] LoggingRequestInterceptor - ==========================request end================================================
2018-04-06 14:03:25.820 DEBUG [main] LoggingRequestInterceptor - ============================response begin==========================================
2018-04-06 14:03:25.820 DEBUG [main] LoggingRequestInterceptor - Status code  : 200
2018-04-06 14:03:25.820 DEBUG [main] LoggingRequestInterceptor - Status text  : OK
2018-04-06 14:03:25.820 DEBUG [main] LoggingRequestInterceptor - Headers      : {Server=[nginx], Date=[Fri, 06 Apr 2018 12:03:25 GMT], Content-Type=[application/json;charset=utf-8], Transfer-Encoding=[chunked], Connection=[keep-alive], Vary=[Accept-Encoding], X-Content-Type-Options=[nosniff], X-XSS-Protection=[1; mode=block], Cache-Control=[no-cache, no-store, max-age=0, must-revalidate], Pragma=[no-cache], Expires=[0], Strict-Transport-Security=[max-age=31536000 ; includeSubDomains], X-Frame-Options=[DENY], X-Application-Context=[application:5000]}
2018-04-06 14:03:25.820 DEBUG [main] LoggingRequestInterceptor - Response body: {
  "error" : "",
  "data" : {
    "id" : 2,
    "name" : "killSwitch",
    "value" : "Off"
  }
}

2018-04-06 14:03:25.820 DEBUG [main] LoggingRequestInterceptor - =======================response end=================================================
2018-04-06 14:03:25.820 DEBUG [main] LoggingRequestInterceptor - ===========================request begin================================================
2018-04-06 14:03:25.820 DEBUG [main] LoggingRequestInterceptor - URI         : https://infernalbotmanager.com/api/vars/clientVersion
2018-04-06 14:03:25.820 DEBUG [main] LoggingRequestInterceptor - Method      : GET
2018-04-06 14:03:25.820 DEBUG [main] LoggingRequestInterceptor - Headers     : {Accept=[application/xml, text/xml, application/json, application/*+xml, application/*+json], Content-Length=[0]}
2018-04-06 14:03:25.820 DEBUG [main] LoggingRequestInterceptor - Request body: 
2018-04-06 14:03:25.820 DEBUG [main] LoggingRequestInterceptor - ==========================request end================================================
2018-04-06 14:03:25.836 DEBUG [main] LoggingRequestInterceptor - ============================response begin==========================================
2018-04-06 14:03:25.836 DEBUG [main] LoggingRequestInterceptor - Status code  : 200
2018-04-06 14:03:25.836 DEBUG [main] LoggingRequestInterceptor - Status text  : OK
2018-04-06 14:03:25.836 DEBUG [main] LoggingRequestInterceptor - Headers      : {Server=[nginx], Date=[Fri, 06 Apr 2018 12:03:25 GMT], Content-Type=[application/json;charset=utf-8], Transfer-Encoding=[chunked], Connection=[keep-alive], Vary=[Accept-Encoding], X-Content-Type-Options=[nosniff], X-XSS-Protection=[1; mode=block], Cache-Control=[no-cache, no-store, max-age=0, must-revalidate], Pragma=[no-cache], Expires=[0], Strict-Transport-Security=[max-age=31536000 ; includeSubDomains], X-Frame-Options=[DENY], X-Application-Context=[application:5000]}
2018-04-06 14:03:25.836 DEBUG [main] LoggingRequestInterceptor - Response body: {
  "error" : "",
  "data" : {
    "id" : 5,
    "name" : "clientVersion",
    "value" : "0.8.6"
  }
}

2018-04-06 14:03:25.836 DEBUG [main] LoggingRequestInterceptor - =======================response end=================================================
2018-04-06 14:03:25.950 DEBUG [main] LoggingRequestInterceptor - ===========================request begin================================================
2018-04-06 14:03:25.950 DEBUG [main] LoggingRequestInterceptor - URI         : https://infernalbotmanager.com/api/vars/connection
2018-04-06 14:03:25.950 DEBUG [main] LoggingRequestInterceptor - Method      : GET
2018-04-06 14:03:25.950 DEBUG [main] LoggingRequestInterceptor - Headers     : {Accept=[application/xml, text/xml, application/json, application/*+xml, application/*+json], Content-Length=[0]}
2018-04-06 14:03:25.950 DEBUG [main] LoggingRequestInterceptor - Request body: 
2018-04-06 14:03:25.950 DEBUG [main] LoggingRequestInterceptor - ==========================request end================================================
2018-04-06 14:03:25.965 DEBUG [main] LoggingRequestInterceptor - ============================response begin==========================================
2018-04-06 14:03:25.965 DEBUG [main] LoggingRequestInterceptor - Status code  : 200
2018-04-06 14:03:25.965 DEBUG [main] LoggingRequestInterceptor - Status text  : OK
2018-04-06 14:03:25.965 DEBUG [main] LoggingRequestInterceptor - Headers      : {Server=[nginx], Date=[Fri, 06 Apr 2018 12:03:26 GMT], Content-Type=[application/json;charset=utf-8], Transfer-Encoding=[chunked], Connection=[keep-alive], Vary=[Accept-Encoding], X-Content-Type-Options=[nosniff], X-XSS-Protection=[1; mode=block], Cache-Control=[no-cache, no-store, max-age=0, must-revalidate], Pragma=[no-cache], Expires=[0], Strict-Transport-Security=[max-age=31536000 ; includeSubDomains], X-Frame-Options=[DENY], X-Application-Context=[application:5000]}
2018-04-06 14:03:25.965 DEBUG [main] LoggingRequestInterceptor - Response body: {
  "error" : "",
  "data" : {
    "id" : 1,
    "name" : "connection",
    "value" : "Connected"
  }
}

2018-04-06 14:03:25.965 DEBUG [main] LoggingRequestInterceptor - =======================response end=================================================
2018-04-06 14:03:25.965 DEBUG [main] LoggingRequestInterceptor - ===========================request begin================================================
2018-04-06 14:03:25.965 DEBUG [main] LoggingRequestInterceptor - URI         : https://infernalbotmanager.com/api/vars/connection
2018-04-06 14:03:25.965 DEBUG [main] LoggingRequestInterceptor - Method      : GET
2018-04-06 14:03:25.965 DEBUG [main] LoggingRequestInterceptor - Headers     : {Accept=[application/xml, text/xml, application/json, application/*+xml, application/*+json], Content-Length=[0]}
2018-04-06 14:03:25.965 DEBUG [main] LoggingRequestInterceptor - Request body: 
2018-04-06 14:03:25.965 DEBUG [main] LoggingRequestInterceptor - ==========================request end================================================
2018-04-06 14:03:25.981 DEBUG [main] LoggingRequestInterceptor - ============================response begin==========================================
2018-04-06 14:03:25.981 DEBUG [main] LoggingRequestInterceptor - Status code  : 200
2018-04-06 14:03:25.981 DEBUG [main] LoggingRequestInterceptor - Status text  : OK
2018-04-06 14:03:25.981 DEBUG [main] LoggingRequestInterceptor - Headers      : {Server=[nginx], Date=[Fri, 06 Apr 2018 12:03:26 GMT], Content-Type=[application/json;charset=utf-8], Transfer-Encoding=[chunked], Connection=[keep-alive], Vary=[Accept-Encoding], X-Content-Type-Options=[nosniff], X-XSS-Protection=[1; mode=block], Cache-Control=[no-cache, no-store, max-age=0, must-revalidate], Pragma=[no-cache], Expires=[0], Strict-Transport-Security=[max-age=31536000 ; includeSubDomains], X-Frame-Options=[DENY], X-Application-Context=[application:5000]}
2018-04-06 14:03:25.981 DEBUG [main] LoggingRequestInterceptor - Response body: {
  "error" : "",
  "data" : {
    "id" : 1,
    "name" : "connection",
    "value" : "Connected"
  }
}

2018-04-06 14:03:25.981 DEBUG [main] LoggingRequestInterceptor - =======================response end=================================================
